<?xml version="1.0" encoding="UTF-8"?>
<!-- Generated by org.testng.reporters.JUnitXMLReporter -->
<testsuite hostname="Mahmuduls-MBP-2.home" ignored="0" name="Default test" tests="3" failures="0" timestamp="21 Jul 2019 19:48:03 GMT" time="0.049" errors="0">
  <testcase name="logInTest" time="0.008" classname="Base.SetUpBreakDown"/>
  <testcase name="changePassword" time="0.006" classname="Base.SetUpBreakDown"/>
  <testcase name="logOutTest" time="0.003" classname="Base.SetUpBreakDown"/>
</testsuite> <!-- Default test -->
